<?xml version="1.0" encoding="UTF-8"?>
<testsuite name="customer repository test" tests="2" skipped="0" failures="0" errors="0" timestamp="2022-04-17T20:49:03" hostname="altrof-ubuntu" time="0.067">
  <properties/>
  <testcase name="Test #2: Should return FALSE if PRODUCT is not present by name" classname="com.altrof.store.product.ProductRepositoryTest" time="0.044"/>
  <testcase name="Test #1: Should return TRUE if PRODUCT is present by name" classname="com.altrof.store.product.ProductRepositoryTest" time="0.021"/>
  <system-out><![CDATA[2022-04-17 23:49:03.266  INFO 12322 --- [    Test worker] b.t.a.o.j.DataJpaTestContextBootstrapper : Neither @ContextConfiguration nor @ContextHierarchy found for test class [com.altrof.store.product.ProductRepositoryTest], using SpringBootContextLoader
2022-04-17 23:49:03.267  INFO 12322 --- [    Test worker] o.s.t.c.support.AbstractContextLoader    : Could not detect default resource locations for test class [com.altrof.store.product.ProductRepositoryTest]: no resource found for suffixes {-context.xml, Context.groovy}.
2022-04-17 23:49:03.268  INFO 12322 --- [    Test worker] t.c.s.AnnotationConfigContextLoaderUtils : Could not detect default configuration classes for test class [com.altrof.store.product.ProductRepositoryTest]: ProductRepositoryTest does not declare any static, non-private, non-final, nested classes annotated with @Configuration.
2022-04-17 23:49:03.275  INFO 12322 --- [    Test worker] .b.t.c.SpringBootTestContextBootstrapper : Found @SpringBootConfiguration com.altrof.store.StoreApplication for test class com.altrof.store.product.ProductRepositoryTest
2022-04-17 23:49:03.276  INFO 12322 --- [    Test worker] b.t.a.o.j.DataJpaTestContextBootstrapper : Loaded default TestExecutionListener class names from location [META-INF/spring.factories]: [org.springframework.boot.test.autoconfigure.restdocs.RestDocsTestExecutionListener, org.springframework.boot.test.autoconfigure.web.client.MockRestServiceServerResetTestExecutionListener, org.springframework.boot.test.autoconfigure.web.servlet.MockMvcPrintOnlyOnFailureTestExecutionListener, org.springframework.boot.test.autoconfigure.web.servlet.WebDriverTestExecutionListener, org.springframework.boot.test.autoconfigure.webservices.client.MockWebServiceServerTestExecutionListener, org.springframework.boot.test.mock.mockito.MockitoTestExecutionListener, org.springframework.boot.test.mock.mockito.ResetMocksTestExecutionListener, org.springframework.test.context.web.ServletTestExecutionListener, org.springframework.test.context.support.DirtiesContextBeforeModesTestExecutionListener, org.springframework.test.context.event.ApplicationEventsTestExecutionListener, org.springframework.test.context.support.DependencyInjectionTestExecutionListener, org.springframework.test.context.support.DirtiesContextTestExecutionListener, org.springframework.test.context.transaction.TransactionalTestExecutionListener, org.springframework.test.context.jdbc.SqlScriptsTestExecutionListener, org.springframework.test.context.event.EventPublishingTestExecutionListener]
2022-04-17 23:49:03.277  INFO 12322 --- [    Test worker] b.t.a.o.j.DataJpaTestContextBootstrapper : Using TestExecutionListeners: [org.springframework.test.context.web.ServletTestExecutionListener@14b4ce6f, org.springframework.test.context.support.DirtiesContextBeforeModesTestExecutionListener@7c5c2b17, org.springframework.test.context.event.ApplicationEventsTestExecutionListener@18bf1bad, org.springframework.boot.test.mock.mockito.MockitoTestExecutionListener@1cb929a9, org.springframework.boot.test.autoconfigure.SpringBootDependencyInjectionTestExecutionListener@2ecc4be7, org.springframework.test.context.support.DirtiesContextTestExecutionListener@3355d9ba, org.springframework.test.context.transaction.TransactionalTestExecutionListener@5357de0e, org.springframework.test.context.jdbc.SqlScriptsTestExecutionListener@6f651ac, org.springframework.test.context.event.EventPublishingTestExecutionListener@4a29a1e6, org.springframework.boot.test.autoconfigure.restdocs.RestDocsTestExecutionListener@57ac2910, org.springframework.boot.test.autoconfigure.web.client.MockRestServiceServerResetTestExecutionListener@3a663a45, org.springframework.boot.test.autoconfigure.web.servlet.MockMvcPrintOnlyOnFailureTestExecutionListener@e296794, org.springframework.boot.test.autoconfigure.web.servlet.WebDriverTestExecutionListener@988c126, org.springframework.boot.test.autoconfigure.webservices.client.MockWebServiceServerTestExecutionListener@3fda8dae, org.springframework.boot.test.mock.mockito.ResetMocksTestExecutionListener@34e53c02]
2022-04-17 23:49:03.284  INFO 12322 --- [    Test worker] o.s.t.c.transaction.TransactionContext   : Began transaction (1) for test context [DefaultTestContext@5527dbb0 testClass = ProductRepositoryTest, testInstance = com.altrof.store.product.ProductRepositoryTest@483fe83a, testMethod = itShouldFindProductByNameWithIgnoreCaseAndReturnFalse@ProductRepositoryTest, testException = [null], mergedContextConfiguration = [MergedContextConfiguration@16120270 testClass = ProductRepositoryTest, locations = '{}', classes = '{class com.altrof.store.StoreApplication}', contextInitializerClasses = '[]', activeProfiles = '{}', propertySourceLocations = '{}', propertySourceProperties = '{org.springframework.boot.test.autoconfigure.orm.jpa.DataJpaTestContextBootstrapper=true}', contextCustomizers = set[org.springframework.boot.test.autoconfigure.OverrideAutoConfigurationContextCustomizerFactory$DisableAutoConfigurationContextCustomizer@5812f68b, org.springframework.boot.test.autoconfigure.actuate.metrics.MetricsExportContextCustomizerFactory$DisableMetricExportContextCustomizer@6b88ca8c, org.springframework.boot.test.autoconfigure.filter.TypeExcludeFiltersContextCustomizer@351584c0, org.springframework.boot.test.autoconfigure.properties.PropertyMappingContextCustomizer@d84bcee4, org.springframework.boot.test.autoconfigure.web.servlet.WebDriverContextCustomizerFactory$Customizer@22356acd, [ImportsContextCustomizer@74babce8 key = [org.springframework.boot.autoconfigure.cache.CacheAutoConfiguration, org.springframework.boot.autoconfigure.data.jpa.JpaRepositoriesAutoConfiguration, org.springframework.boot.autoconfigure.flyway.FlywayAutoConfiguration, org.springframework.boot.autoconfigure.jdbc.DataSourceAutoConfiguration, org.springframework.boot.autoconfigure.jdbc.DataSourceTransactionManagerAutoConfiguration, org.springframework.boot.autoconfigure.jdbc.JdbcTemplateAutoConfiguration, org.springframework.boot.autoconfigure.liquibase.LiquibaseAutoConfiguration, org.springframework.boot.autoconfigure.orm.jpa.HibernateJpaAutoConfiguration, org.springframework.boot.autoconfigure.sql.init.SqlInitializationAutoConfiguration, org.springframework.boot.autoconfigure.transaction.TransactionAutoConfiguration, org.springframework.boot.test.autoconfigure.jdbc.TestDatabaseAutoConfiguration, org.springframework.boot.test.autoconfigure.orm.jpa.TestEntityManagerAutoConfiguration]], org.springframework.boot.test.context.filter.ExcludeFilterContextCustomizer@6ee6f53, org.springframework.boot.test.json.DuplicateJsonObjectContextCustomizerFactory$DuplicateJsonObjectContextCustomizer@134d26af, org.springframework.boot.test.mock.mockito.MockitoContextCustomizer@0, org.springframework.boot.test.context.SpringBootTestArgs@1, org.springframework.boot.test.context.SpringBootTestWebEnvironment@0], contextLoader = 'org.springframework.boot.test.context.SpringBootContextLoader', parent = [null]], attributes = map['org.springframework.test.context.event.ApplicationEventsTestExecutionListener.recordApplicationEvents' -> false]]; transaction manager [org.springframework.orm.jpa.JpaTransactionManager@97beeaf]; rollback [true]
Hibernate: 
    select
        product0_.product_id as product_1_0_0_,
        product0_.product_name as product_2_0_0_,
        product0_.product_price as product_3_0_0_ 
    from
        public.products product0_ 
    where
        product0_.product_id=?
Hibernate: 
    insert 
    into
        public.products
        (product_name, product_price, product_id) 
    values
        (?, ?, ?)
Hibernate: 
    select
        product0_.product_id as product_1_0_,
        product0_.product_name as product_2_0_,
        product0_.product_price as product_3_0_ 
    from
        public.products product0_ 
    where
        upper(product0_.product_name)=upper(?)
Hibernate: 
    select
        product0_.product_id as product_1_0_,
        product0_.product_name as product_2_0_,
        product0_.product_price as product_3_0_ 
    from
        public.products product0_
2022-04-17 23:49:03.326  INFO 12322 --- [    Test worker] o.s.t.c.transaction.TransactionContext   : Rolled back transaction for test: [DefaultTestContext@5527dbb0 testClass = ProductRepositoryTest, testInstance = com.altrof.store.product.ProductRepositoryTest@483fe83a, testMethod = itShouldFindProductByNameWithIgnoreCaseAndReturnFalse@ProductRepositoryTest, testException = [null], mergedContextConfiguration = [MergedContextConfiguration@16120270 testClass = ProductRepositoryTest, locations = '{}', classes = '{class com.altrof.store.StoreApplication}', contextInitializerClasses = '[]', activeProfiles = '{}', propertySourceLocations = '{}', propertySourceProperties = '{org.springframework.boot.test.autoconfigure.orm.jpa.DataJpaTestContextBootstrapper=true}', contextCustomizers = set[org.springframework.boot.test.autoconfigure.OverrideAutoConfigurationContextCustomizerFactory$DisableAutoConfigurationContextCustomizer@5812f68b, org.springframework.boot.test.autoconfigure.actuate.metrics.MetricsExportContextCustomizerFactory$DisableMetricExportContextCustomizer@6b88ca8c, org.springframework.boot.test.autoconfigure.filter.TypeExcludeFiltersContextCustomizer@351584c0, org.springframework.boot.test.autoconfigure.properties.PropertyMappingContextCustomizer@d84bcee4, org.springframework.boot.test.autoconfigure.web.servlet.WebDriverContextCustomizerFactory$Customizer@22356acd, [ImportsContextCustomizer@74babce8 key = [org.springframework.boot.autoconfigure.cache.CacheAutoConfiguration, org.springframework.boot.autoconfigure.data.jpa.JpaRepositoriesAutoConfiguration, org.springframework.boot.autoconfigure.flyway.FlywayAutoConfiguration, org.springframework.boot.autoconfigure.jdbc.DataSourceAutoConfiguration, org.springframework.boot.autoconfigure.jdbc.DataSourceTransactionManagerAutoConfiguration, org.springframework.boot.autoconfigure.jdbc.JdbcTemplateAutoConfiguration, org.springframework.boot.autoconfigure.liquibase.LiquibaseAutoConfiguration, org.springframework.boot.autoconfigure.orm.jpa.HibernateJpaAutoConfiguration, org.springframework.boot.autoconfigure.sql.init.SqlInitializationAutoConfiguration, org.springframework.boot.autoconfigure.transaction.TransactionAutoConfiguration, org.springframework.boot.test.autoconfigure.jdbc.TestDatabaseAutoConfiguration, org.springframework.boot.test.autoconfigure.orm.jpa.TestEntityManagerAutoConfiguration]], org.springframework.boot.test.context.filter.ExcludeFilterContextCustomizer@6ee6f53, org.springframework.boot.test.json.DuplicateJsonObjectContextCustomizerFactory$DuplicateJsonObjectContextCustomizer@134d26af, org.springframework.boot.test.mock.mockito.MockitoContextCustomizer@0, org.springframework.boot.test.context.SpringBootTestArgs@1, org.springframework.boot.test.context.SpringBootTestWebEnvironment@0], contextLoader = 'org.springframework.boot.test.context.SpringBootContextLoader', parent = [null]], attributes = map['org.springframework.test.context.event.ApplicationEventsTestExecutionListener.recordApplicationEvents' -> false]]
2022-04-17 23:49:03.330  INFO 12322 --- [    Test worker] o.s.t.c.transaction.TransactionContext   : Began transaction (1) for test context [DefaultTestContext@5527dbb0 testClass = ProductRepositoryTest, testInstance = com.altrof.store.product.ProductRepositoryTest@712e4b18, testMethod = itShouldFindProductByNameWithIgnoreCaseAndReturnTrue@ProductRepositoryTest, testException = [null], mergedContextConfiguration = [MergedContextConfiguration@16120270 testClass = ProductRepositoryTest, locations = '{}', classes = '{class com.altrof.store.StoreApplication}', contextInitializerClasses = '[]', activeProfiles = '{}', propertySourceLocations = '{}', propertySourceProperties = '{org.springframework.boot.test.autoconfigure.orm.jpa.DataJpaTestContextBootstrapper=true}', contextCustomizers = set[org.springframework.boot.test.autoconfigure.OverrideAutoConfigurationContextCustomizerFactory$DisableAutoConfigurationContextCustomizer@5812f68b, org.springframework.boot.test.autoconfigure.actuate.metrics.MetricsExportContextCustomizerFactory$DisableMetricExportContextCustomizer@6b88ca8c, org.springframework.boot.test.autoconfigure.filter.TypeExcludeFiltersContextCustomizer@351584c0, org.springframework.boot.test.autoconfigure.properties.PropertyMappingContextCustomizer@d84bcee4, org.springframework.boot.test.autoconfigure.web.servlet.WebDriverContextCustomizerFactory$Customizer@22356acd, [ImportsContextCustomizer@74babce8 key = [org.springframework.boot.autoconfigure.cache.CacheAutoConfiguration, org.springframework.boot.autoconfigure.data.jpa.JpaRepositoriesAutoConfiguration, org.springframework.boot.autoconfigure.flyway.FlywayAutoConfiguration, org.springframework.boot.autoconfigure.jdbc.DataSourceAutoConfiguration, org.springframework.boot.autoconfigure.jdbc.DataSourceTransactionManagerAutoConfiguration, org.springframework.boot.autoconfigure.jdbc.JdbcTemplateAutoConfiguration, org.springframework.boot.autoconfigure.liquibase.LiquibaseAutoConfiguration, org.springframework.boot.autoconfigure.orm.jpa.HibernateJpaAutoConfiguration, org.springframework.boot.autoconfigure.sql.init.SqlInitializationAutoConfiguration, org.springframework.boot.autoconfigure.transaction.TransactionAutoConfiguration, org.springframework.boot.test.autoconfigure.jdbc.TestDatabaseAutoConfiguration, org.springframework.boot.test.autoconfigure.orm.jpa.TestEntityManagerAutoConfiguration]], org.springframework.boot.test.context.filter.ExcludeFilterContextCustomizer@6ee6f53, org.springframework.boot.test.json.DuplicateJsonObjectContextCustomizerFactory$DuplicateJsonObjectContextCustomizer@134d26af, org.springframework.boot.test.mock.mockito.MockitoContextCustomizer@0, org.springframework.boot.test.context.SpringBootTestArgs@1, org.springframework.boot.test.context.SpringBootTestWebEnvironment@0], contextLoader = 'org.springframework.boot.test.context.SpringBootContextLoader', parent = [null]], attributes = map['org.springframework.test.context.event.ApplicationEventsTestExecutionListener.recordApplicationEvents' -> false]]; transaction manager [org.springframework.orm.jpa.JpaTransactionManager@97beeaf]; rollback [true]
Hibernate: 
    select
        product0_.product_id as product_1_0_0_,
        product0_.product_name as product_2_0_0_,
        product0_.product_price as product_3_0_0_ 
    from
        public.products product0_ 
    where
        product0_.product_id=?
Hibernate: 
    insert 
    into
        public.products
        (product_name, product_price, product_id) 
    values
        (?, ?, ?)
Hibernate: 
    select
        product0_.product_id as product_1_0_,
        product0_.product_name as product_2_0_,
        product0_.product_price as product_3_0_ 
    from
        public.products product0_ 
    where
        upper(product0_.product_name)=upper(?)
Hibernate: 
    select
        product0_.product_id as product_1_0_,
        product0_.product_name as product_2_0_,
        product0_.product_price as product_3_0_ 
    from
        public.products product0_
2022-04-17 23:49:03.348  INFO 12322 --- [    Test worker] o.s.t.c.transaction.TransactionContext   : Rolled back transaction for test: [DefaultTestContext@5527dbb0 testClass = ProductRepositoryTest, testInstance = com.altrof.store.product.ProductRepositoryTest@712e4b18, testMethod = itShouldFindProductByNameWithIgnoreCaseAndReturnTrue@ProductRepositoryTest, testException = [null], mergedContextConfiguration = [MergedContextConfiguration@16120270 testClass = ProductRepositoryTest, locations = '{}', classes = '{class com.altrof.store.StoreApplication}', contextInitializerClasses = '[]', activeProfiles = '{}', propertySourceLocations = '{}', propertySourceProperties = '{org.springframework.boot.test.autoconfigure.orm.jpa.DataJpaTestContextBootstrapper=true}', contextCustomizers = set[org.springframework.boot.test.autoconfigure.OverrideAutoConfigurationContextCustomizerFactory$DisableAutoConfigurationContextCustomizer@5812f68b, org.springframework.boot.test.autoconfigure.actuate.metrics.MetricsExportContextCustomizerFactory$DisableMetricExportContextCustomizer@6b88ca8c, org.springframework.boot.test.autoconfigure.filter.TypeExcludeFiltersContextCustomizer@351584c0, org.springframework.boot.test.autoconfigure.properties.PropertyMappingContextCustomizer@d84bcee4, org.springframework.boot.test.autoconfigure.web.servlet.WebDriverContextCustomizerFactory$Customizer@22356acd, [ImportsContextCustomizer@74babce8 key = [org.springframework.boot.autoconfigure.cache.CacheAutoConfiguration, org.springframework.boot.autoconfigure.data.jpa.JpaRepositoriesAutoConfiguration, org.springframework.boot.autoconfigure.flyway.FlywayAutoConfiguration, org.springframework.boot.autoconfigure.jdbc.DataSourceAutoConfiguration, org.springframework.boot.autoconfigure.jdbc.DataSourceTransactionManagerAutoConfiguration, org.springframework.boot.autoconfigure.jdbc.JdbcTemplateAutoConfiguration, org.springframework.boot.autoconfigure.liquibase.LiquibaseAutoConfiguration, org.springframework.boot.autoconfigure.orm.jpa.HibernateJpaAutoConfiguration, org.springframework.boot.autoconfigure.sql.init.SqlInitializationAutoConfiguration, org.springframework.boot.autoconfigure.transaction.TransactionAutoConfiguration, org.springframework.boot.test.autoconfigure.jdbc.TestDatabaseAutoConfiguration, org.springframework.boot.test.autoconfigure.orm.jpa.TestEntityManagerAutoConfiguration]], org.springframework.boot.test.context.filter.ExcludeFilterContextCustomizer@6ee6f53, org.springframework.boot.test.json.DuplicateJsonObjectContextCustomizerFactory$DuplicateJsonObjectContextCustomizer@134d26af, org.springframework.boot.test.mock.mockito.MockitoContextCustomizer@0, org.springframework.boot.test.context.SpringBootTestArgs@1, org.springframework.boot.test.context.SpringBootTestWebEnvironment@0], contextLoader = 'org.springframework.boot.test.context.SpringBootContextLoader', parent = [null]], attributes = map['org.springframework.test.context.event.ApplicationEventsTestExecutionListener.recordApplicationEvents' -> false]]
]]></system-out>
  <system-err><![CDATA[]]></system-err>
</testsuite>
