<?xml version="1.0" encoding="UTF-8"?>
<testsuite name="customer repository test" tests="2" skipped="0" failures="0" errors="0" timestamp="2022-04-17T20:58:28" hostname="altrof-ubuntu" time="0.057">
  <properties/>
  <testcase name="Test #2: Should return FALSE if PRODUCT is not present by name" classname="com.altrof.store.product.ProductRepositoryTest" time="0.032"/>
  <testcase name="Test #1: Should return TRUE if PRODUCT is present by name" classname="com.altrof.store.product.ProductRepositoryTest" time="0.023"/>
  <system-out><![CDATA[2022-04-17 23:58:28.931  INFO 13283 --- [    Test worker] b.t.a.o.j.DataJpaTestContextBootstrapper : Neither @ContextConfiguration nor @ContextHierarchy found for test class [com.altrof.store.product.ProductRepositoryTest], using SpringBootContextLoader
2022-04-17 23:58:28.932  INFO 13283 --- [    Test worker] o.s.t.c.support.AbstractContextLoader    : Could not detect default resource locations for test class [com.altrof.store.product.ProductRepositoryTest]: no resource found for suffixes {-context.xml, Context.groovy}.
2022-04-17 23:58:28.933  INFO 13283 --- [    Test worker] t.c.s.AnnotationConfigContextLoaderUtils : Could not detect default configuration classes for test class [com.altrof.store.product.ProductRepositoryTest]: ProductRepositoryTest does not declare any static, non-private, non-final, nested classes annotated with @Configuration.
2022-04-17 23:58:28.938  INFO 13283 --- [    Test worker] .b.t.c.SpringBootTestContextBootstrapper : Found @SpringBootConfiguration com.altrof.store.StoreApplication for test class com.altrof.store.product.ProductRepositoryTest
2022-04-17 23:58:28.939  INFO 13283 --- [    Test worker] b.t.a.o.j.DataJpaTestContextBootstrapper : Loaded default TestExecutionListener class names from location [META-INF/spring.factories]: [org.springframework.boot.test.autoconfigure.restdocs.RestDocsTestExecutionListener, org.springframework.boot.test.autoconfigure.web.client.MockRestServiceServerResetTestExecutionListener, org.springframework.boot.test.autoconfigure.web.servlet.MockMvcPrintOnlyOnFailureTestExecutionListener, org.springframework.boot.test.autoconfigure.web.servlet.WebDriverTestExecutionListener, org.springframework.boot.test.autoconfigure.webservices.client.MockWebServiceServerTestExecutionListener, org.springframework.boot.test.mock.mockito.MockitoTestExecutionListener, org.springframework.boot.test.mock.mockito.ResetMocksTestExecutionListener, org.springframework.test.context.web.ServletTestExecutionListener, org.springframework.test.context.support.DirtiesContextBeforeModesTestExecutionListener, org.springframework.test.context.event.ApplicationEventsTestExecutionListener, org.springframework.test.context.support.DependencyInjectionTestExecutionListener, org.springframework.test.context.support.DirtiesContextTestExecutionListener, org.springframework.test.context.transaction.TransactionalTestExecutionListener, org.springframework.test.context.jdbc.SqlScriptsTestExecutionListener, org.springframework.test.context.event.EventPublishingTestExecutionListener]
2022-04-17 23:58:28.940  INFO 13283 --- [    Test worker] b.t.a.o.j.DataJpaTestContextBootstrapper : Using TestExecutionListeners: [org.springframework.test.context.web.ServletTestExecutionListener@71098fb3, org.springframework.test.context.support.DirtiesContextBeforeModesTestExecutionListener@75e92bb7, org.springframework.test.context.event.ApplicationEventsTestExecutionListener@2ebcbf9d, org.springframework.boot.test.mock.mockito.MockitoTestExecutionListener@7bfc36d5, org.springframework.boot.test.autoconfigure.SpringBootDependencyInjectionTestExecutionListener@46b55a0e, org.springframework.test.context.support.DirtiesContextTestExecutionListener@7abd75fc, org.springframework.test.context.transaction.TransactionalTestExecutionListener@31b67d61, org.springframework.test.context.jdbc.SqlScriptsTestExecutionListener@2b66bf1c, org.springframework.test.context.event.EventPublishingTestExecutionListener@47eff554, org.springframework.boot.test.autoconfigure.restdocs.RestDocsTestExecutionListener@56ec6ac0, org.springframework.boot.test.autoconfigure.web.client.MockRestServiceServerResetTestExecutionListener@54b35809, org.springframework.boot.test.autoconfigure.web.servlet.MockMvcPrintOnlyOnFailureTestExecutionListener@4a3383dc, org.springframework.boot.test.autoconfigure.web.servlet.WebDriverTestExecutionListener@72ce8a9b, org.springframework.boot.test.autoconfigure.webservices.client.MockWebServiceServerTestExecutionListener@47c15468, org.springframework.boot.test.mock.mockito.ResetMocksTestExecutionListener@9fc2f89]
2022-04-17 23:58:28.945  INFO 13283 --- [    Test worker] o.s.t.c.transaction.TransactionContext   : Began transaction (1) for test context [DefaultTestContext@14b4ce6f testClass = ProductRepositoryTest, testInstance = com.altrof.store.product.ProductRepositoryTest@7c5c2b17, testMethod = itShouldFindProductByNameWithIgnoreCaseAndReturnFalse@ProductRepositoryTest, testException = [null], mergedContextConfiguration = [MergedContextConfiguration@18bf1bad testClass = ProductRepositoryTest, locations = '{}', classes = '{class com.altrof.store.StoreApplication}', contextInitializerClasses = '[]', activeProfiles = '{}', propertySourceLocations = '{}', propertySourceProperties = '{org.springframework.boot.test.autoconfigure.orm.jpa.DataJpaTestContextBootstrapper=true}', contextCustomizers = set[org.springframework.boot.test.autoconfigure.OverrideAutoConfigurationContextCustomizerFactory$DisableAutoConfigurationContextCustomizer@5812f68b, org.springframework.boot.test.autoconfigure.actuate.metrics.MetricsExportContextCustomizerFactory$DisableMetricExportContextCustomizer@6b88ca8c, org.springframework.boot.test.autoconfigure.filter.TypeExcludeFiltersContextCustomizer@351584c0, org.springframework.boot.test.autoconfigure.properties.PropertyMappingContextCustomizer@d84bcee4, org.springframework.boot.test.autoconfigure.web.servlet.WebDriverContextCustomizerFactory$Customizer@22356acd, [ImportsContextCustomizer@1cb929a9 key = [org.springframework.boot.autoconfigure.cache.CacheAutoConfiguration, org.springframework.boot.autoconfigure.data.jpa.JpaRepositoriesAutoConfiguration, org.springframework.boot.autoconfigure.flyway.FlywayAutoConfiguration, org.springframework.boot.autoconfigure.jdbc.DataSourceAutoConfiguration, org.springframework.boot.autoconfigure.jdbc.DataSourceTransactionManagerAutoConfiguration, org.springframework.boot.autoconfigure.jdbc.JdbcTemplateAutoConfiguration, org.springframework.boot.autoconfigure.liquibase.LiquibaseAutoConfiguration, org.springframework.boot.autoconfigure.orm.jpa.HibernateJpaAutoConfiguration, org.springframework.boot.autoconfigure.sql.init.SqlInitializationAutoConfiguration, org.springframework.boot.autoconfigure.transaction.TransactionAutoConfiguration, org.springframework.boot.test.autoconfigure.jdbc.TestDatabaseAutoConfiguration, org.springframework.boot.test.autoconfigure.orm.jpa.TestEntityManagerAutoConfiguration]], org.springframework.boot.test.context.filter.ExcludeFilterContextCustomizer@6ee6f53, org.springframework.boot.test.json.DuplicateJsonObjectContextCustomizerFactory$DuplicateJsonObjectContextCustomizer@134d26af, org.springframework.boot.test.mock.mockito.MockitoContextCustomizer@0, org.springframework.boot.test.context.SpringBootTestArgs@1, org.springframework.boot.test.context.SpringBootTestWebEnvironment@0], contextLoader = 'org.springframework.boot.test.context.SpringBootContextLoader', parent = [null]], attributes = map['org.springframework.test.context.event.ApplicationEventsTestExecutionListener.recordApplicationEvents' -> false]]; transaction manager [org.springframework.orm.jpa.JpaTransactionManager@35f760a4]; rollback [true]
Hibernate: 
    select
        product0_.product_id as product_1_0_0_,
        product0_.product_name as product_2_0_0_,
        product0_.product_price as product_3_0_0_ 
    from
        public.products product0_ 
    where
        product0_.product_id=?
Hibernate: 
    insert 
    into
        public.products
        (product_name, product_price, product_id) 
    values
        (?, ?, ?)
Hibernate: 
    select
        product0_.product_id as product_1_0_,
        product0_.product_name as product_2_0_,
        product0_.product_price as product_3_0_ 
    from
        public.products product0_ 
    where
        upper(product0_.product_name)=upper(?)
Hibernate: 
    select
        product0_.product_id as product_1_0_,
        product0_.product_name as product_2_0_,
        product0_.product_price as product_3_0_ 
    from
        public.products product0_
2022-04-17 23:58:28.974  INFO 13283 --- [    Test worker] o.s.t.c.transaction.TransactionContext   : Rolled back transaction for test: [DefaultTestContext@14b4ce6f testClass = ProductRepositoryTest, testInstance = com.altrof.store.product.ProductRepositoryTest@7c5c2b17, testMethod = itShouldFindProductByNameWithIgnoreCaseAndReturnFalse@ProductRepositoryTest, testException = [null], mergedContextConfiguration = [MergedContextConfiguration@18bf1bad testClass = ProductRepositoryTest, locations = '{}', classes = '{class com.altrof.store.StoreApplication}', contextInitializerClasses = '[]', activeProfiles = '{}', propertySourceLocations = '{}', propertySourceProperties = '{org.springframework.boot.test.autoconfigure.orm.jpa.DataJpaTestContextBootstrapper=true}', contextCustomizers = set[org.springframework.boot.test.autoconfigure.OverrideAutoConfigurationContextCustomizerFactory$DisableAutoConfigurationContextCustomizer@5812f68b, org.springframework.boot.test.autoconfigure.actuate.metrics.MetricsExportContextCustomizerFactory$DisableMetricExportContextCustomizer@6b88ca8c, org.springframework.boot.test.autoconfigure.filter.TypeExcludeFiltersContextCustomizer@351584c0, org.springframework.boot.test.autoconfigure.properties.PropertyMappingContextCustomizer@d84bcee4, org.springframework.boot.test.autoconfigure.web.servlet.WebDriverContextCustomizerFactory$Customizer@22356acd, [ImportsContextCustomizer@1cb929a9 key = [org.springframework.boot.autoconfigure.cache.CacheAutoConfiguration, org.springframework.boot.autoconfigure.data.jpa.JpaRepositoriesAutoConfiguration, org.springframework.boot.autoconfigure.flyway.FlywayAutoConfiguration, org.springframework.boot.autoconfigure.jdbc.DataSourceAutoConfiguration, org.springframework.boot.autoconfigure.jdbc.DataSourceTransactionManagerAutoConfiguration, org.springframework.boot.autoconfigure.jdbc.JdbcTemplateAutoConfiguration, org.springframework.boot.autoconfigure.liquibase.LiquibaseAutoConfiguration, org.springframework.boot.autoconfigure.orm.jpa.HibernateJpaAutoConfiguration, org.springframework.boot.autoconfigure.sql.init.SqlInitializationAutoConfiguration, org.springframework.boot.autoconfigure.transaction.TransactionAutoConfiguration, org.springframework.boot.test.autoconfigure.jdbc.TestDatabaseAutoConfiguration, org.springframework.boot.test.autoconfigure.orm.jpa.TestEntityManagerAutoConfiguration]], org.springframework.boot.test.context.filter.ExcludeFilterContextCustomizer@6ee6f53, org.springframework.boot.test.json.DuplicateJsonObjectContextCustomizerFactory$DuplicateJsonObjectContextCustomizer@134d26af, org.springframework.boot.test.mock.mockito.MockitoContextCustomizer@0, org.springframework.boot.test.context.SpringBootTestArgs@1, org.springframework.boot.test.context.SpringBootTestWebEnvironment@0], contextLoader = 'org.springframework.boot.test.context.SpringBootContextLoader', parent = [null]], attributes = map['org.springframework.test.context.event.ApplicationEventsTestExecutionListener.recordApplicationEvents' -> false]]
2022-04-17 23:58:28.980  INFO 13283 --- [    Test worker] o.s.t.c.transaction.TransactionContext   : Began transaction (1) for test context [DefaultTestContext@14b4ce6f testClass = ProductRepositoryTest, testInstance = com.altrof.store.product.ProductRepositoryTest@36f497b1, testMethod = itShouldFindProductByNameWithIgnoreCaseAndReturnTrue@ProductRepositoryTest, testException = [null], mergedContextConfiguration = [MergedContextConfiguration@18bf1bad testClass = ProductRepositoryTest, locations = '{}', classes = '{class com.altrof.store.StoreApplication}', contextInitializerClasses = '[]', activeProfiles = '{}', propertySourceLocations = '{}', propertySourceProperties = '{org.springframework.boot.test.autoconfigure.orm.jpa.DataJpaTestContextBootstrapper=true}', contextCustomizers = set[org.springframework.boot.test.autoconfigure.OverrideAutoConfigurationContextCustomizerFactory$DisableAutoConfigurationContextCustomizer@5812f68b, org.springframework.boot.test.autoconfigure.actuate.metrics.MetricsExportContextCustomizerFactory$DisableMetricExportContextCustomizer@6b88ca8c, org.springframework.boot.test.autoconfigure.filter.TypeExcludeFiltersContextCustomizer@351584c0, org.springframework.boot.test.autoconfigure.properties.PropertyMappingContextCustomizer@d84bcee4, org.springframework.boot.test.autoconfigure.web.servlet.WebDriverContextCustomizerFactory$Customizer@22356acd, [ImportsContextCustomizer@1cb929a9 key = [org.springframework.boot.autoconfigure.cache.CacheAutoConfiguration, org.springframework.boot.autoconfigure.data.jpa.JpaRepositoriesAutoConfiguration, org.springframework.boot.autoconfigure.flyway.FlywayAutoConfiguration, org.springframework.boot.autoconfigure.jdbc.DataSourceAutoConfiguration, org.springframework.boot.autoconfigure.jdbc.DataSourceTransactionManagerAutoConfiguration, org.springframework.boot.autoconfigure.jdbc.JdbcTemplateAutoConfiguration, org.springframework.boot.autoconfigure.liquibase.LiquibaseAutoConfiguration, org.springframework.boot.autoconfigure.orm.jpa.HibernateJpaAutoConfiguration, org.springframework.boot.autoconfigure.sql.init.SqlInitializationAutoConfiguration, org.springframework.boot.autoconfigure.transaction.TransactionAutoConfiguration, org.springframework.boot.test.autoconfigure.jdbc.TestDatabaseAutoConfiguration, org.springframework.boot.test.autoconfigure.orm.jpa.TestEntityManagerAutoConfiguration]], org.springframework.boot.test.context.filter.ExcludeFilterContextCustomizer@6ee6f53, org.springframework.boot.test.json.DuplicateJsonObjectContextCustomizerFactory$DuplicateJsonObjectContextCustomizer@134d26af, org.springframework.boot.test.mock.mockito.MockitoContextCustomizer@0, org.springframework.boot.test.context.SpringBootTestArgs@1, org.springframework.boot.test.context.SpringBootTestWebEnvironment@0], contextLoader = 'org.springframework.boot.test.context.SpringBootContextLoader', parent = [null]], attributes = map['org.springframework.test.context.event.ApplicationEventsTestExecutionListener.recordApplicationEvents' -> false]]; transaction manager [org.springframework.orm.jpa.JpaTransactionManager@35f760a4]; rollback [true]
Hibernate: 
    select
        product0_.product_id as product_1_0_0_,
        product0_.product_name as product_2_0_0_,
        product0_.product_price as product_3_0_0_ 
    from
        public.products product0_ 
    where
        product0_.product_id=?
Hibernate: 
    insert 
    into
        public.products
        (product_name, product_price, product_id) 
    values
        (?, ?, ?)
Hibernate: 
    select
        product0_.product_id as product_1_0_,
        product0_.product_name as product_2_0_,
        product0_.product_price as product_3_0_ 
    from
        public.products product0_ 
    where
        upper(product0_.product_name)=upper(?)
Hibernate: 
    select
        product0_.product_id as product_1_0_,
        product0_.product_name as product_2_0_,
        product0_.product_price as product_3_0_ 
    from
        public.products product0_
2022-04-17 23:58:29.000  INFO 13283 --- [    Test worker] o.s.t.c.transaction.TransactionContext   : Rolled back transaction for test: [DefaultTestContext@14b4ce6f testClass = ProductRepositoryTest, testInstance = com.altrof.store.product.ProductRepositoryTest@36f497b1, testMethod = itShouldFindProductByNameWithIgnoreCaseAndReturnTrue@ProductRepositoryTest, testException = [null], mergedContextConfiguration = [MergedContextConfiguration@18bf1bad testClass = ProductRepositoryTest, locations = '{}', classes = '{class com.altrof.store.StoreApplication}', contextInitializerClasses = '[]', activeProfiles = '{}', propertySourceLocations = '{}', propertySourceProperties = '{org.springframework.boot.test.autoconfigure.orm.jpa.DataJpaTestContextBootstrapper=true}', contextCustomizers = set[org.springframework.boot.test.autoconfigure.OverrideAutoConfigurationContextCustomizerFactory$DisableAutoConfigurationContextCustomizer@5812f68b, org.springframework.boot.test.autoconfigure.actuate.metrics.MetricsExportContextCustomizerFactory$DisableMetricExportContextCustomizer@6b88ca8c, org.springframework.boot.test.autoconfigure.filter.TypeExcludeFiltersContextCustomizer@351584c0, org.springframework.boot.test.autoconfigure.properties.PropertyMappingContextCustomizer@d84bcee4, org.springframework.boot.test.autoconfigure.web.servlet.WebDriverContextCustomizerFactory$Customizer@22356acd, [ImportsContextCustomizer@1cb929a9 key = [org.springframework.boot.autoconfigure.cache.CacheAutoConfiguration, org.springframework.boot.autoconfigure.data.jpa.JpaRepositoriesAutoConfiguration, org.springframework.boot.autoconfigure.flyway.FlywayAutoConfiguration, org.springframework.boot.autoconfigure.jdbc.DataSourceAutoConfiguration, org.springframework.boot.autoconfigure.jdbc.DataSourceTransactionManagerAutoConfiguration, org.springframework.boot.autoconfigure.jdbc.JdbcTemplateAutoConfiguration, org.springframework.boot.autoconfigure.liquibase.LiquibaseAutoConfiguration, org.springframework.boot.autoconfigure.orm.jpa.HibernateJpaAutoConfiguration, org.springframework.boot.autoconfigure.sql.init.SqlInitializationAutoConfiguration, org.springframework.boot.autoconfigure.transaction.TransactionAutoConfiguration, org.springframework.boot.test.autoconfigure.jdbc.TestDatabaseAutoConfiguration, org.springframework.boot.test.autoconfigure.orm.jpa.TestEntityManagerAutoConfiguration]], org.springframework.boot.test.context.filter.ExcludeFilterContextCustomizer@6ee6f53, org.springframework.boot.test.json.DuplicateJsonObjectContextCustomizerFactory$DuplicateJsonObjectContextCustomizer@134d26af, org.springframework.boot.test.mock.mockito.MockitoContextCustomizer@0, org.springframework.boot.test.context.SpringBootTestArgs@1, org.springframework.boot.test.context.SpringBootTestWebEnvironment@0], contextLoader = 'org.springframework.boot.test.context.SpringBootContextLoader', parent = [null]], attributes = map['org.springframework.test.context.event.ApplicationEventsTestExecutionListener.recordApplicationEvents' -> false]]
]]></system-out>
  <system-err><![CDATA[]]></system-err>
</testsuite>
